<?xml version="1.0" encoding="UTF-8"?>
<!-- Generated by org.testng.reporters.JUnitReportReporter -->
<testsuite hostname="BDC4-L-PF1V7L8G" name="com.alexion.testRunner.RunCucumberTest" tests="1" failures="0" timestamp="15 Jun 2020 09:22:48 GMT" time="25.510" errors="0">
  <testcase name="runScenario" time="25.510" classname="com.alexion.testRunner.RunCucumberTest"/>
</testsuite> <!-- com.alexion.testRunner.RunCucumberTest -->
