<?xml version="1.0" encoding="UTF-8"?>
<!-- Generated by org.testng.reporters.JUnitReportReporter -->
<testsuite hostname="BDC4-L-PF1V7L8G" name="com.alexion.testRunner.NewTest" tests="1" failures="0" timestamp="17 Jun 2020 07:10:58 GMT" time="0.014" errors="0">
  <testcase name="f" time="0.014" classname="com.alexion.testRunner.NewTest"/>
</testsuite> <!-- com.alexion.testRunner.NewTest -->
