<?xml version="1.0" encoding="UTF-8"?>
<!-- Generated by org.testng.reporters.JUnitReportReporter -->
<testsuite hostname="BDC4-L-PF1V7L8G" name="com.alexion.testRunner.testRunnerTest" tests="1" failures="0" timestamp="16 Jun 2020 13:49:06 GMT" time="22.823" errors="0">
  <testcase name="runScenario" time="22.823" classname="com.alexion.testRunner.testRunnerTest"/>
</testsuite> <!-- com.alexion.testRunner.testRunnerTest -->
